{
  message: 'development',
  level: 'info',
  label: 'PH',
  timestamp: '2023-06-22T03:31:27.180Z'
}
{
  message: {
    ACLOCAL_PATH: 'C:\\Program Files\\Git\\mingw64\\share\\aclocal;C:\\Program Files\\Git\\usr\\share\\aclocal',
    ALLUSERSPROFILE: 'C:\\ProgramData',
    APPDATA: 'C:\\Users\\Emon Hossain\\AppData\\Roaming',
    ChocolateyInstall: 'C:\\ProgramData\\chocolatey',
    ChocolateyLastPathUpdate: '133316598802076454',
    CHROME_CRASHPAD_PIPE_NAME: '\\\\.\\pipe\\LOCAL\\crashpad_9248_NBTYTKDLTRFUSVPS',
    COLORTERM: 'truecolor',
    COMMONPROGRAMFILES: 'C:\\Program Files\\Common Files',
    'CommonProgramFiles(x86)': 'C:\\Program Files (x86)\\Common Files',
    CommonProgramW6432: 'C:\\Program Files\\Common Files',
    COMPUTERNAME: 'DESKTOP-3HFU1BH',
    COMSPEC: 'C:\\Windows\\system32\\cmd.exe',
    CONFIG_SITE: 'C:/Program Files/Git/etc/config.site',
    DATABASE_URL: 'mongodb+srv://university-admin:xwdmqDhVoKgMIjD0@cluster0.s4e7dtf.mongodb.net/university-management?retryWrites=true&w=majority',
    DEFAULT_STUDENT_PASS: 'university123!@',
    DISPLAY: 'needs-to-be-defined',
    DriverData: 'C:\\Windows\\System32\\Drivers\\DriverData',
    EXEPATH: 'C:\\Program Files\\Git\\bin',
    FPS_BROWSER_APP_PROFILE_STRING: 'Internet Explorer',
    FPS_BROWSER_USER_PROFILE_STRING: 'Default',
    GIT_ASKPASS: 'c:\\Users\\Emon Hossain\\AppData\\Local\\Programs\\Microsoft VS Code\\resources\\app\\extensions\\git\\dist\\askpass.sh',
    HOME: 'C:\\Users\\Emon Hossain',
    HOMEDRIVE: 'C:',
    HOMEPATH: '\\Users\\Emon Hossain',
    HOSTNAME: 'DESKTOP-3HFU1BH',
    INFOPATH: 'C:\\Program Files\\Git\\mingw64\\local\\info;C:\\Program Files\\Git\\mingw64\\share\\info;C:\\Program Files\\Git\\usr\\local\\info;C:\\Program Files\\Git\\usr\\share\\info;C:\\Program Files\\Git\\usr\\info;C:\\Program Files\\Git\\share\\info',
    INIT_CWD: 'E:\\Apollo  PH Level 2 Web Dev\\university-management-auth-service',
    LANG: 'en_US.UTF-8',
    LOCALAPPDATA: 'C:\\Users\\Emon Hossain\\AppData\\Local',
    LOGONSERVER: '\\\\DESKTOP-3HFU1BH',
    MANPATH: 'C:\\Program Files\\Git\\mingw64\\local\\man;C:\\Program Files\\Git\\mingw64\\share\\man;C:\\Program Files\\Git\\usr\\local\\man;C:\\Program Files\\Git\\usr\\share\\man;C:\\Program Files\\Git\\usr\\man;C:\\Program Files\\Git\\share\\man',
    MINGW_CHOST: 'x86_64-w64-mingw32',
    MINGW_PACKAGE_PREFIX: 'mingw-w64-x86_64',
    MINGW_PREFIX: 'C:/Program Files/Git/mingw64',
    MSYSTEM: 'MINGW64',
    MSYSTEM_CARCH: 'x86_64',
    MSYSTEM_CHOST: 'x86_64-w64-mingw32',
    MSYSTEM_PREFIX: 'C:/Program Files/Git/mingw64',
    NODE: 'C:\\Program Files\\nodejs\\node.exe',
    NODE_ENV: 'development',
    npm_config_argv: '{"remain":[],"cooked":["run","start"],"original":["start"]}',
    npm_config_bin_links: 'true',
    npm_config_ignore_optional: '',
    npm_config_ignore_scripts: '',
    npm_config_init_license: 'MIT',
    npm_config_init_version: '1.0.0',
    npm_config_registry: 'https://registry.yarnpkg.com',
    npm_config_save_prefix: '^',
    npm_config_strict_ssl: 'true',
    npm_config_user_agent: 'yarn/1.22.19 npm/? node/v18.16.0 win32 x64',
    npm_config_version_commit_hooks: 'true',
    npm_config_version_git_message: 'v%s',
    npm_config_version_git_sign: '',
    npm_config_version_git_tag: 'true',
    npm_config_version_tag_prefix: 'v',
    npm_execpath: 'C:\\Users\\Emon Hossain\\AppData\\Roaming\\npm\\node_modules\\yarn\\bin\\yarn.js',
    npm_lifecycle_event: 'start',
    npm_lifecycle_script: 'ts-node-dev --respawn --transpile-only src/server.ts',
    npm_node_execpath: 'C:\\Program Files\\nodejs\\node.exe',
    npm_package_author_name: 'Emon Hossain',
    npm_package_dependencies_cors: '^2.8.5',
    npm_package_dependencies_dotenv: '^16.0.3',
    npm_package_dependencies_eslint: '^8.41.0',
    npm_package_dependencies_express: '^4.18.2',
    npm_package_dependencies_http_status: '^1.6.2',
    npm_package_dependencies_lint_staged: '^13.2.2',
    npm_package_dependencies_mongoose: '^7.2.1',
    npm_package_dependencies_winston: '^3.9.0',
    npm_package_dependencies_winston_daily_rotate_file: '^4.7.1',
    npm_package_dependencies_zod: '^3.21.4',
    npm_package_dependencies__typescript_eslint_eslint_plugin: '^5.59.7',
    npm_package_dependencies__typescript_eslint_parser: '^5.59.7',
    npm_package_dependencies__types_express: '^4.17.17',
    npm_package_description: '',
    npm_package_devDependencies_eslint_config_prettier: '^8.8.0',
    npm_package_devDependencies_husky: '^8.0.3',
    npm_package_devDependencies_prettier: '^2.8.8',
    npm_package_devDependencies_ts_node_dev: '^2.0.0',
    npm_package_devDependencies_typescript: '^5.0.4',
    npm_package_devDependencies__types_cors: '^2.8.13',
    npm_package_license: 'ISC',
    npm_package_lint_staged_src______ts: 'yarn lint-prettier',
    npm_package_main: 'src/server.ts',
    npm_package_name: 'university-management-auth-service',
    npm_package_readmeFilename: 'README.md',
    npm_package_scripts_lint_check: 'eslint --ignore-path .eslintignore --ext .js,.ts .',
    npm_package_scripts_lint_fix: 'eslint --fix',
    npm_package_scripts_lint_prettier: 'yarn lint:check && yarn prettier:check',
    npm_package_scripts_prettier_check: 'prettier --ignore-path .gitignore --write "**/*.+(js|ts|json)"',
    npm_package_scripts_prettier_fix: 'prettier --write .',
    npm_package_scripts_start: 'ts-node-dev --respawn --transpile-only src/server.ts',
    npm_package_scripts_test: 'echo "Error: no test specified" && exit 1',
    npm_package_version: '1.0.0',
    NUMBER_OF_PROCESSORS: '4',
    OneDrive: 'C:\\Users\\Emon Hossain\\OneDrive',
    OneDriveConsumer: 'C:\\Users\\Emon Hossain\\OneDrive',
    ORIGINAL_PATH: 'C:\\Program Files\\Git\\mingw64\\bin;C:\\Program Files\\Git\\usr\\bin;C:\\Users\\Emon Hossain\\bin;C:\\Python311\\Scripts;C:\\Python311;C:\\Windows\\system32;C:\\Windows;C:\\Windows\\System32\\Wbem;C:\\Windows\\System32\\WindowsPowerShell\\v1.0;C:\\Windows\\System32\\OpenSSH;C:\\Program Files\\Git\\cmd;C:\\wamp64\\bin\\php\\php7.4.33;C:\\ProgramData\\ComposerSetup\\bin;C:\\ProgramData\\chocolatey\\bin;C:\\Program Files\\nodejs;C:\\Users\\Emon Hossain\\AppData\\Local\\Microsoft\\WindowsApps;C:\\Users\\Emon Hossain\\AppData\\Local\\Programs\\Microsoft VS Code\\bin;C:\\Users\\Emon Hossain\\AppData\\Local\\Programs\\Microsoft VS Code Insiders\\bin;C:\\Users\\Emon Hossain\\AppData\\Roaming\\Composer\\vendor\\bin;C:\\Program Files\\heroku\\bin;C:\\Users\\Emon Hossain\\AppData\\Roaming\\npm',
    ORIGINAL_TEMP: 'C:/Users/EMONHO~1/AppData/Local/Temp',
    ORIGINAL_TMP: 'C:/Users/EMONHO~1/AppData/Local/Temp',
    ORIGINAL_XDG_CURRENT_DESKTOP: 'undefined',
    OS: 'Windows_NT',
    PATH: 'C:\\Users\\EMONHO~1\\AppData\\Local\\Temp\\yarn--1687404683581-0.3898944672279141;E:\\Apollo  PH Level 2 Web Dev\\university-management-auth-service\\node_modules\\.bin;C:\\Users\\Emon Hossain\\AppData\\Local\\Yarn\\Data\\link\\node_modules\\.bin;C:\\Users\\Emon Hossain\\AppData\\Local\\Yarn\\bin;C:\\Program Files\\libexec\\lib\\node_modules\\npm\\bin\\node-gyp-bin;C:\\Program Files\\lib\\node_modules\\npm\\bin\\node-gyp-bin;C:\\Program Files\\nodejs\\node_modules\\npm\\bin\\node-gyp-bin;C:\\Users\\Emon Hossain\\bin;C:\\Program Files\\Git\\mingw64\\bin;C:\\Program Files\\Git\\usr\\local\\bin;C:\\Program Files\\Git\\usr\\bin;C:\\Program Files\\Git\\usr\\bin;C:\\Program Files\\Git\\mingw64\\bin;C:\\Program Files\\Git\\usr\\bin;C:\\Users\\Emon Hossain\\bin;C:\\Python311\\Scripts;C:\\Python311;C:\\Windows\\system32;C:\\Windows;C:\\Windows\\System32\\Wbem;C:\\Windows\\System32\\WindowsPowerShell\\v1.0;C:\\Windows\\System32\\OpenSSH;C:\\Program Files\\Git\\cmd;C:\\wamp64\\bin\\php\\php7.4.33;C:\\ProgramData\\ComposerSetup\\bin;C:\\ProgramData\\chocolatey\\bin;C:\\Program Files\\nodejs;C:\\Users\\Emon Hossain\\AppData\\Local\\Microsoft\\WindowsApps;C:\\Users\\Emon Hossain\\AppData\\Local\\Programs\\Microsoft VS Code\\bin;C:\\Users\\Emon Hossain\\AppData\\Local\\Programs\\Microsoft VS Code Insiders\\bin;C:\\Users\\Emon Hossain\\AppData\\Roaming\\Composer\\vendor\\bin;C:\\Program Files\\heroku\\bin;C:\\Users\\Emon Hossain\\AppData\\Roaming\\npm;C:\\Program Files\\Git\\usr\\bin\\vendor_perl;C:\\Program Files\\Git\\usr\\bin\\core_perl',
    PATHEXT: '.COM;.EXE;.BAT;.CMD;.VBS;.VBE;.JSE;.WSF;.WSH;.MSC;.PY;.PYW',
    PKG_CONFIG_PATH: 'C:\\Program Files\\Git\\mingw64\\lib\\pkgconfig;C:\\Program Files\\Git\\mingw64\\share\\pkgconfig',
    PKG_CONFIG_SYSTEM_INCLUDE_PATH: 'C:/Program Files/Git/mingw64/include',
    PKG_CONFIG_SYSTEM_LIBRARY_PATH: 'C:/Program Files/Git/mingw64/lib',
    PLINK_PROTOCOL: 'ssh',
    PORT: '5000',
    PROCESSOR_ARCHITECTURE: 'AMD64',
    PROCESSOR_IDENTIFIER: 'Intel64 Family 6 Model 158 Stepping 9, GenuineIntel',
    PROCESSOR_LEVEL: '6',
    PROCESSOR_REVISION: '9e09',
    ProgramData: 'C:\\ProgramData',
    PROGRAMFILES: 'C:\\Program Files',
    'ProgramFiles(x86)': 'C:\\Program Files (x86)',
    ProgramW6432: 'C:\\Program Files',
    PROMPT: '$P$G',
    PSModulePath: 'C:\\Program Files\\WindowsPowerShell\\Modules;C:\\Windows\\system32\\WindowsPowerShell\\v1.0\\Modules',
    PUBLIC: 'C:\\Users\\Public',
    PWD: 'E:/Apollo  PH Level 2 Web Dev/university-management-auth-service',
    SESSIONNAME: 'Console',
    SHELL: 'C:\\Program Files\\Git\\usr\\bin\\bash.exe',
    SHLVL: '1',
    SSH_ASKPASS: 'C:/Program Files/Git/mingw64/bin/git-askpass.exe',
    SYSTEMDRIVE: 'C:',
    SYSTEMROOT: 'C:\\Windows',
    TEMP: 'C:\\Users\\EMONHO~1\\AppData\\Local\\Temp',
    TERM: 'xterm-256color',
    TERM_PROGRAM: 'vscode',
    TERM_PROGRAM_VERSION: '1.79.2',
    TMP: 'C:\\Users\\EMONHO~1\\AppData\\Local\\Temp',
    TMPDIR: 'C:\\Users\\EMONHO~1\\AppData\\Local\\Temp',
    TS_NODE_DEV: 'true',
    USERDOMAIN: 'DESKTOP-3HFU1BH',
    USERDOMAIN_ROAMINGPROFILE: 'DESKTOP-3HFU1BH',
    USERNAME: 'Emon Hossain',
    USERPROFILE: 'C:\\Users\\Emon Hossain',
    VSCODE_GIT_ASKPASS_EXTRA_ARGS: '--ms-enable-electron-run-as-node',
    VSCODE_GIT_ASKPASS_MAIN: 'c:\\Users\\Emon Hossain\\AppData\\Local\\Programs\\Microsoft VS Code\\resources\\app\\extensions\\git\\dist\\askpass-main.js',
    VSCODE_GIT_ASKPASS_NODE: 'C:\\Users\\Emon Hossain\\AppData\\Local\\Programs\\Microsoft VS Code\\Code.exe',
    VSCODE_GIT_IPC_HANDLE: '\\\\.\\pipe\\vscode-git-469309968a-sock',
    WINDIR: 'C:\\Windows',
    YARN_WRAP_OUTPUT: 'false'
  },
  level: 'info',
  label: 'PH',
  timestamp: '2023-06-22T03:31:27.192Z'
}
{
  message: 'Database is connected successfully',
  level: 'info',
  label: 'PH',
  timestamp: '2023-06-22T03:31:30.606Z'
}
{
  message: 'Application listening on port 5000',
  level: 'info',
  label: 'PH',
  timestamp: '2023-06-22T03:31:30.629Z'
}
